  fix_keyword.cpp
C:\Users\User\Desktop\YYN\mission1\M1\mission1\fix_keyword.cpp(52,48): warning C4267: '=': 'size_t'에서 '_Ty'(으)로 변환하면서 데이터가 손실될 수 있습니다.
C:\Users\User\Desktop\YYN\mission1\M1\mission1\fix_keyword.cpp(52,48): warning C4267:         with
C:\Users\User\Desktop\YYN\mission1\M1\mission1\fix_keyword.cpp(52,48): warning C4267:         [
C:\Users\User\Desktop\YYN\mission1\M1\mission1\fix_keyword.cpp(52,48): warning C4267:             _Ty=int
C:\Users\User\Desktop\YYN\mission1\M1\mission1\fix_keyword.cpp(52,48): warning C4267:         ]
C:\Users\User\Desktop\YYN\mission1\M1\mission1\fix_keyword.cpp(53,48): warning C4267: '=': 'size_t'에서 '_Ty'(으)로 변환하면서 데이터가 손실될 수 있습니다.
C:\Users\User\Desktop\YYN\mission1\M1\mission1\fix_keyword.cpp(53,48): warning C4267:         with
C:\Users\User\Desktop\YYN\mission1\M1\mission1\fix_keyword.cpp(53,48): warning C4267:         [
C:\Users\User\Desktop\YYN\mission1\M1\mission1\fix_keyword.cpp(53,48): warning C4267:             _Ty=int
C:\Users\User\Desktop\YYN\mission1\M1\mission1\fix_keyword.cpp(53,48): warning C4267:         ]
C:\Users\User\Desktop\YYN\mission1\M1\mission1\fix_keyword.cpp(72,14): warning C4267: '초기화 중': 'size_t'에서 'int'(으)로 변환하면서 데이터가 손실될 수 있습니다.
  main.cpp
  코드를 생성하고 있습니다...
C:\Users\User\Desktop\YYN\mission1\M1\mission1\fix_keyword.cpp(101,1): warning C4715: 'setDayOfTheWeek': 모든 제어 경로에서 값을 반환하지는 않습니다.
  fix_keyword_test.cpp
  gtest-all.cc
  gmock-all.cc
  코드를 생성하고 있습니다...
  mission1.vcxproj -> C:\Users\User\Desktop\YYN\mission1\M1\x64\Debug\mission1.exe
